<?xml version="1.0" encoding="UTF-8"?>
<!-- Generated by org.testng.reporters.JUnitXMLReporter -->
<testsuite ignored="0" hostname="DESKTOP-HNBROE6" failures="0" tests="1" name="Surefire test" time="0.832" errors="0" timestamp="2025-06-15T14:41:31 IST">
  <testcase classname="com.ui.tests.TestBase" name="@BeforeMethod setup" time="0.016">
    <failure type="java.lang.RuntimeException" message="LambdaTest credentials not found in environment variables!">
      <![CDATA[java.lang.RuntimeException: LambdaTest credentials not found in environment variables!
at com.utility.LambdaTestUtility.initializeLambdaTestSession(LambdaTestUtility.java:23)
at com.ui.tests.TestBase.setup(TestBase.java:34)
at java.base/java.util.ArrayList.forEach(ArrayList.java:1596)
... Removed 34 stack frames]]>
    </failure>
  </testcase> <!-- @BeforeMethod setup -->
  <testcase classname="com.ui.tests.TestBase" name="@AfterMethod teardown" time="0.0">
    <skipped/>
  </testcase> <!-- @AfterMethod teardown -->
  <testcase classname="com.ui.tests.LoginTest" name="loginExcelTest" time="0.001">
    <skipped/>
  </testcase> <!-- loginExcelTest -->
</testsuite> <!-- Surefire test -->
