<?xml version="1.0" encoding="UTF-8"?>
<testsuite xmlns:xsi="http://www.w3.org/2001/XMLSchema-instance" xsi:noNamespaceSchemaLocation="https://maven.apache.org/surefire/maven-surefire-plugin/xsd/surefire-test-report.xsd" version="3.0.2" name="TestSuite" time="108.559" tests="7" errors="0" skipped="0" failures="1">
  <properties>
    <property name="isHeadless" value="true"/>
    <property name="java.specification.version" value="23"/>
    <property name="sun.cpu.isalist" value="amd64"/>
    <property name="sun.jnu.encoding" value="Cp1252"/>
    <property name="java.class.path" value="C:\Users\shukl\Desktop\SeleniumAutomationProject\target\test-classes;C:\Users\shukl\Desktop\SeleniumAutomationProject\target\classes;C:\Users\shukl\.m2\repository\junit\junit\3.8.1\junit-3.8.1.jar;C:\Users\shukl\.m2\repository\org\seleniumhq\selenium\selenium-java\4.31.0\selenium-java-4.31.0.jar;C:\Users\shukl\.m2\repository\org\seleniumhq\selenium\selenium-api\4.31.0\selenium-api-4.31.0.jar;C:\Users\shukl\.m2\repository\org\jspecify\jspecify\1.0.0\jspecify-1.0.0.jar;C:\Users\shukl\.m2\repository\org\seleniumhq\selenium\selenium-chrome-driver\4.31.0\selenium-chrome-driver-4.31.0.jar;C:\Users\shukl\.m2\repository\com\google\auto\service\auto-service-annotations\1.1.1\auto-service-annotations-1.1.1.jar;C:\Users\shukl\.m2\repository\org\seleniumhq\selenium\selenium-chromium-driver\4.31.0\selenium-chromium-driver-4.31.0.jar;C:\Users\shukl\.m2\repository\org\seleniumhq\selenium\selenium-json\4.31.0\selenium-json-4.31.0.jar;C:\Users\shukl\.m2\repository\org\seleniumhq\selenium\selenium-manager\4.31.0\selenium-manager-4.31.0.jar;C:\Users\shukl\.m2\repository\org\seleniumhq\selenium\selenium-devtools-v133\4.31.0\selenium-devtools-v133-4.31.0.jar;C:\Users\shukl\.m2\repository\org\seleniumhq\selenium\selenium-devtools-v134\4.31.0\selenium-devtools-v134-4.31.0.jar;C:\Users\shukl\.m2\repository\org\seleniumhq\selenium\selenium-devtools-v135\4.31.0\selenium-devtools-v135-4.31.0.jar;C:\Users\shukl\.m2\repository\org\seleniumhq\selenium\selenium-edge-driver\4.31.0\selenium-edge-driver-4.31.0.jar;C:\Users\shukl\.m2\repository\org\seleniumhq\selenium\selenium-firefox-driver\4.31.0\selenium-firefox-driver-4.31.0.jar;C:\Users\shukl\.m2\repository\org\seleniumhq\selenium\selenium-http\4.31.0\selenium-http-4.31.0.jar;C:\Users\shukl\.m2\repository\org\seleniumhq\selenium\selenium-ie-driver\4.31.0\selenium-ie-driver-4.31.0.jar;C:\Users\shukl\.m2\repository\org\seleniumhq\selenium\selenium-remote-driver\4.31.0\selenium-remote-driver-4.31.0.jar;C:\Users\shukl\.m2\repository\com\google\guava\guava\33.4.6-jre\guava-33.4.6-jre.jar;C:\Users\shukl\.m2\repository\com\google\guava\failureaccess\1.0.3\failureaccess-1.0.3.jar;C:\Users\shukl\.m2\repository\com\google\guava\listenablefuture\9999.0-empty-to-avoid-conflict-with-guava\listenablefuture-9999.0-empty-to-avoid-conflict-with-guava.jar;C:\Users\shukl\.m2\repository\com\google\j2objc\j2objc-annotations\3.0.0\j2objc-annotations-3.0.0.jar;C:\Users\shukl\.m2\repository\io\opentelemetry\opentelemetry-api\1.48.0\opentelemetry-api-1.48.0.jar;C:\Users\shukl\.m2\repository\io\opentelemetry\opentelemetry-context\1.48.0\opentelemetry-context-1.48.0.jar;C:\Users\shukl\.m2\repository\io\opentelemetry\opentelemetry-exporter-logging\1.48.0\opentelemetry-exporter-logging-1.48.0.jar;C:\Users\shukl\.m2\repository\io\opentelemetry\opentelemetry-sdk-common\1.48.0\opentelemetry-sdk-common-1.48.0.jar;C:\Users\shukl\.m2\repository\io\opentelemetry\opentelemetry-sdk-extension-autoconfigure-spi\1.48.0\opentelemetry-sdk-extension-autoconfigure-spi-1.48.0.jar;C:\Users\shukl\.m2\repository\io\opentelemetry\opentelemetry-sdk-extension-autoconfigure\1.48.0\opentelemetry-sdk-extension-autoconfigure-1.48.0.jar;C:\Users\shukl\.m2\repository\io\opentelemetry\opentelemetry-sdk-trace\1.48.0\opentelemetry-sdk-trace-1.48.0.jar;C:\Users\shukl\.m2\repository\io\opentelemetry\opentelemetry-sdk\1.48.0\opentelemetry-sdk-1.48.0.jar;C:\Users\shukl\.m2\repository\io\opentelemetry\opentelemetry-sdk-metrics\1.48.0\opentelemetry-sdk-metrics-1.48.0.jar;C:\Users\shukl\.m2\repository\io\opentelemetry\opentelemetry-sdk-logs\1.48.0\opentelemetry-sdk-logs-1.48.0.jar;C:\Users\shukl\.m2\repository\net\bytebuddy\byte-buddy\1.17.5\byte-buddy-1.17.5.jar;C:\Users\shukl\.m2\repository\org\seleniumhq\selenium\selenium-os\4.31.0\selenium-os-4.31.0.jar;C:\Users\shukl\.m2\repository\org\apache\commons\commons-exec\1.4.0\commons-exec-1.4.0.jar;C:\Users\shukl\.m2\repository\org\seleniumhq\selenium\selenium-safari-driver\4.31.0\selenium-safari-driver-4.31.0.jar;C:\Users\shukl\.m2\repository\org\seleniumhq\selenium\selenium-support\4.31.0\selenium-support-4.31.0.jar;C:\Users\shukl\.m2\repository\org\testng\testng\7.11.0\testng-7.11.0.jar;C:\Users\shukl\.m2\repository\org\slf4j\slf4j-api\2.0.16\slf4j-api-2.0.16.jar;C:\Users\shukl\.m2\repository\org\jcommander\jcommander\1.83\jcommander-1.83.jar;C:\Users\shukl\.m2\repository\org\webjars\jquery\3.7.1\jquery-3.7.1.jar;C:\Users\shukl\.m2\repository\com\google\code\gson\gson\2.13.1\gson-2.13.1.jar;C:\Users\shukl\.m2\repository\com\google\errorprone\error_prone_annotations\2.38.0\error_prone_annotations-2.38.0.jar;C:\Users\shukl\.m2\repository\com\opencsv\opencsv\5.10\opencsv-5.10.jar;C:\Users\shukl\.m2\repository\org\apache\commons\commons-lang3\3.17.0\commons-lang3-3.17.0.jar;C:\Users\shukl\.m2\repository\org\apache\commons\commons-text\1.13.0\commons-text-1.13.0.jar;C:\Users\shukl\.m2\repository\commons-beanutils\commons-beanutils\1.10.0\commons-beanutils-1.10.0.jar;C:\Users\shukl\.m2\repository\commons-logging\commons-logging\1.3.4\commons-logging-1.3.4.jar;C:\Users\shukl\.m2\repository\commons-collections\commons-collections\3.2.2\commons-collections-3.2.2.jar;C:\Users\shukl\.m2\repository\org\apache\commons\commons-collections4\4.4\commons-collections4-4.4.jar;C:\Users\shukl\.m2\repository\org\apache\poi\poi\5.4.1\poi-5.4.1.jar;C:\Users\shukl\.m2\repository\commons-codec\commons-codec\1.18.0\commons-codec-1.18.0.jar;C:\Users\shukl\.m2\repository\org\apache\commons\commons-math3\3.6.1\commons-math3-3.6.1.jar;C:\Users\shukl\.m2\repository\commons-io\commons-io\2.18.0\commons-io-2.18.0.jar;C:\Users\shukl\.m2\repository\com\zaxxer\SparseBitSet\1.3\SparseBitSet-1.3.jar;C:\Users\shukl\.m2\repository\org\apache\logging\log4j\log4j-api\2.24.3\log4j-api-2.24.3.jar;C:\Users\shukl\.m2\repository\org\apache\poi\poi-ooxml\5.4.1\poi-ooxml-5.4.1.jar;C:\Users\shukl\.m2\repository\org\apache\poi\poi-ooxml-lite\5.4.1\poi-ooxml-lite-5.4.1.jar;C:\Users\shukl\.m2\repository\org\apache\xmlbeans\xmlbeans\5.3.0\xmlbeans-5.3.0.jar;C:\Users\shukl\.m2\repository\org\apache\commons\commons-compress\1.27.1\commons-compress-1.27.1.jar;C:\Users\shukl\.m2\repository\com\github\virtuald\curvesapi\1.08\curvesapi-1.08.jar;C:\Users\shukl\.m2\repository\org\apache\logging\log4j\log4j-core\2.24.3\log4j-core-2.24.3.jar;C:\Users\shukl\.m2\repository\com\aventstack\extentreports\5.1.2\extentreports-5.1.2.jar;C:\Users\shukl\.m2\repository\io\reactivex\rxjava3\rxjava\3.1.6\rxjava-3.1.6.jar;C:\Users\shukl\.m2\repository\org\reactivestreams\reactive-streams\1.0.4\reactive-streams-1.0.4.jar;C:\Users\shukl\.m2\repository\org\freemarker\freemarker\2.3.32\freemarker-2.3.32.jar;C:\Users\shukl\.m2\repository\org\projectlombok\lombok\1.18.26\lombok-1.18.26.jar;C:\Users\shukl\.m2\repository\com\github\javafaker\javafaker\1.0.2\javafaker-1.0.2.jar;C:\Users\shukl\.m2\repository\org\yaml\snakeyaml\1.23\snakeyaml-1.23-android.jar;C:\Users\shukl\.m2\repository\com\github\mifmif\generex\1.0.2\generex-1.0.2.jar;C:\Users\shukl\.m2\repository\dk\brics\automaton\automaton\1.11-8\automaton-1.11-8.jar;"/>
    <property name="java.vm.vendor" value="Oracle Corporation"/>
    <property name="sun.arch.data.model" value="64"/>
    <property name="user.variant" value=""/>
    <property name="java.vendor.url" value="https://java.oracle.com/"/>
    <property name="user.timezone" value="Asia/Calcutta"/>
    <property name="os.name" value="Windows 10"/>
    <property name="java.vm.specification.version" value="23"/>
    <property name="sun.java.launcher" value="SUN_STANDARD"/>
    <property name="user.country" value="IN"/>
    <property name="sun.boot.library.path" value="C:\Program Files\Java\jdk-23\bin"/>
    <property name="sun.java.command" value="C:\Users\shukl\AppData\Local\Temp\surefire14711537932581353324\surefirebooter-20250617233935049_3.jar C:\Users\shukl\AppData\Local\Temp\surefire14711537932581353324 2025-06-17T23-39-34_786-jvmRun1 surefire-20250617233935049_1tmp surefire_0-20250617233935049_2tmp"/>
    <property name="jdk.debug" value="release"/>
    <property name="surefire.test.class.path" value="C:\Users\shukl\Desktop\SeleniumAutomationProject\target\test-classes;C:\Users\shukl\Desktop\SeleniumAutomationProject\target\classes;C:\Users\shukl\.m2\repository\junit\junit\3.8.1\junit-3.8.1.jar;C:\Users\shukl\.m2\repository\org\seleniumhq\selenium\selenium-java\4.31.0\selenium-java-4.31.0.jar;C:\Users\shukl\.m2\repository\org\seleniumhq\selenium\selenium-api\4.31.0\selenium-api-4.31.0.jar;C:\Users\shukl\.m2\repository\org\jspecify\jspecify\1.0.0\jspecify-1.0.0.jar;C:\Users\shukl\.m2\repository\org\seleniumhq\selenium\selenium-chrome-driver\4.31.0\selenium-chrome-driver-4.31.0.jar;C:\Users\shukl\.m2\repository\com\google\auto\service\auto-service-annotations\1.1.1\auto-service-annotations-1.1.1.jar;C:\Users\shukl\.m2\repository\org\seleniumhq\selenium\selenium-chromium-driver\4.31.0\selenium-chromium-driver-4.31.0.jar;C:\Users\shukl\.m2\repository\org\seleniumhq\selenium\selenium-json\4.31.0\selenium-json-4.31.0.jar;C:\Users\shukl\.m2\repository\org\seleniumhq\selenium\selenium-manager\4.31.0\selenium-manager-4.31.0.jar;C:\Users\shukl\.m2\repository\org\seleniumhq\selenium\selenium-devtools-v133\4.31.0\selenium-devtools-v133-4.31.0.jar;C:\Users\shukl\.m2\repository\org\seleniumhq\selenium\selenium-devtools-v134\4.31.0\selenium-devtools-v134-4.31.0.jar;C:\Users\shukl\.m2\repository\org\seleniumhq\selenium\selenium-devtools-v135\4.31.0\selenium-devtools-v135-4.31.0.jar;C:\Users\shukl\.m2\repository\org\seleniumhq\selenium\selenium-edge-driver\4.31.0\selenium-edge-driver-4.31.0.jar;C:\Users\shukl\.m2\repository\org\seleniumhq\selenium\selenium-firefox-driver\4.31.0\selenium-firefox-driver-4.31.0.jar;C:\Users\shukl\.m2\repository\org\seleniumhq\selenium\selenium-http\4.31.0\selenium-http-4.31.0.jar;C:\Users\shukl\.m2\repository\org\seleniumhq\selenium\selenium-ie-driver\4.31.0\selenium-ie-driver-4.31.0.jar;C:\Users\shukl\.m2\repository\org\seleniumhq\selenium\selenium-remote-driver\4.31.0\selenium-remote-driver-4.31.0.jar;C:\Users\shukl\.m2\repository\com\google\guava\guava\33.4.6-jre\guava-33.4.6-jre.jar;C:\Users\shukl\.m2\repository\com\google\guava\failureaccess\1.0.3\failureaccess-1.0.3.jar;C:\Users\shukl\.m2\repository\com\google\guava\listenablefuture\9999.0-empty-to-avoid-conflict-with-guava\listenablefuture-9999.0-empty-to-avoid-conflict-with-guava.jar;C:\Users\shukl\.m2\repository\com\google\j2objc\j2objc-annotations\3.0.0\j2objc-annotations-3.0.0.jar;C:\Users\shukl\.m2\repository\io\opentelemetry\opentelemetry-api\1.48.0\opentelemetry-api-1.48.0.jar;C:\Users\shukl\.m2\repository\io\opentelemetry\opentelemetry-context\1.48.0\opentelemetry-context-1.48.0.jar;C:\Users\shukl\.m2\repository\io\opentelemetry\opentelemetry-exporter-logging\1.48.0\opentelemetry-exporter-logging-1.48.0.jar;C:\Users\shukl\.m2\repository\io\opentelemetry\opentelemetry-sdk-common\1.48.0\opentelemetry-sdk-common-1.48.0.jar;C:\Users\shukl\.m2\repository\io\opentelemetry\opentelemetry-sdk-extension-autoconfigure-spi\1.48.0\opentelemetry-sdk-extension-autoconfigure-spi-1.48.0.jar;C:\Users\shukl\.m2\repository\io\opentelemetry\opentelemetry-sdk-extension-autoconfigure\1.48.0\opentelemetry-sdk-extension-autoconfigure-1.48.0.jar;C:\Users\shukl\.m2\repository\io\opentelemetry\opentelemetry-sdk-trace\1.48.0\opentelemetry-sdk-trace-1.48.0.jar;C:\Users\shukl\.m2\repository\io\opentelemetry\opentelemetry-sdk\1.48.0\opentelemetry-sdk-1.48.0.jar;C:\Users\shukl\.m2\repository\io\opentelemetry\opentelemetry-sdk-metrics\1.48.0\opentelemetry-sdk-metrics-1.48.0.jar;C:\Users\shukl\.m2\repository\io\opentelemetry\opentelemetry-sdk-logs\1.48.0\opentelemetry-sdk-logs-1.48.0.jar;C:\Users\shukl\.m2\repository\net\bytebuddy\byte-buddy\1.17.5\byte-buddy-1.17.5.jar;C:\Users\shukl\.m2\repository\org\seleniumhq\selenium\selenium-os\4.31.0\selenium-os-4.31.0.jar;C:\Users\shukl\.m2\repository\org\apache\commons\commons-exec\1.4.0\commons-exec-1.4.0.jar;C:\Users\shukl\.m2\repository\org\seleniumhq\selenium\selenium-safari-driver\4.31.0\selenium-safari-driver-4.31.0.jar;C:\Users\shukl\.m2\repository\org\seleniumhq\selenium\selenium-support\4.31.0\selenium-support-4.31.0.jar;C:\Users\shukl\.m2\repository\org\testng\testng\7.11.0\testng-7.11.0.jar;C:\Users\shukl\.m2\repository\org\slf4j\slf4j-api\2.0.16\slf4j-api-2.0.16.jar;C:\Users\shukl\.m2\repository\org\jcommander\jcommander\1.83\jcommander-1.83.jar;C:\Users\shukl\.m2\repository\org\webjars\jquery\3.7.1\jquery-3.7.1.jar;C:\Users\shukl\.m2\repository\com\google\code\gson\gson\2.13.1\gson-2.13.1.jar;C:\Users\shukl\.m2\repository\com\google\errorprone\error_prone_annotations\2.38.0\error_prone_annotations-2.38.0.jar;C:\Users\shukl\.m2\repository\com\opencsv\opencsv\5.10\opencsv-5.10.jar;C:\Users\shukl\.m2\repository\org\apache\commons\commons-lang3\3.17.0\commons-lang3-3.17.0.jar;C:\Users\shukl\.m2\repository\org\apache\commons\commons-text\1.13.0\commons-text-1.13.0.jar;C:\Users\shukl\.m2\repository\commons-beanutils\commons-beanutils\1.10.0\commons-beanutils-1.10.0.jar;C:\Users\shukl\.m2\repository\commons-logging\commons-logging\1.3.4\commons-logging-1.3.4.jar;C:\Users\shukl\.m2\repository\commons-collections\commons-collections\3.2.2\commons-collections-3.2.2.jar;C:\Users\shukl\.m2\repository\org\apache\commons\commons-collections4\4.4\commons-collections4-4.4.jar;C:\Users\shukl\.m2\repository\org\apache\poi\poi\5.4.1\poi-5.4.1.jar;C:\Users\shukl\.m2\repository\commons-codec\commons-codec\1.18.0\commons-codec-1.18.0.jar;C:\Users\shukl\.m2\repository\org\apache\commons\commons-math3\3.6.1\commons-math3-3.6.1.jar;C:\Users\shukl\.m2\repository\commons-io\commons-io\2.18.0\commons-io-2.18.0.jar;C:\Users\shukl\.m2\repository\com\zaxxer\SparseBitSet\1.3\SparseBitSet-1.3.jar;C:\Users\shukl\.m2\repository\org\apache\logging\log4j\log4j-api\2.24.3\log4j-api-2.24.3.jar;C:\Users\shukl\.m2\repository\org\apache\poi\poi-ooxml\5.4.1\poi-ooxml-5.4.1.jar;C:\Users\shukl\.m2\repository\org\apache\poi\poi-ooxml-lite\5.4.1\poi-ooxml-lite-5.4.1.jar;C:\Users\shukl\.m2\repository\org\apache\xmlbeans\xmlbeans\5.3.0\xmlbeans-5.3.0.jar;C:\Users\shukl\.m2\repository\org\apache\commons\commons-compress\1.27.1\commons-compress-1.27.1.jar;C:\Users\shukl\.m2\repository\com\github\virtuald\curvesapi\1.08\curvesapi-1.08.jar;C:\Users\shukl\.m2\repository\org\apache\logging\log4j\log4j-core\2.24.3\log4j-core-2.24.3.jar;C:\Users\shukl\.m2\repository\com\aventstack\extentreports\5.1.2\extentreports-5.1.2.jar;C:\Users\shukl\.m2\repository\io\reactivex\rxjava3\rxjava\3.1.6\rxjava-3.1.6.jar;C:\Users\shukl\.m2\repository\org\reactivestreams\reactive-streams\1.0.4\reactive-streams-1.0.4.jar;C:\Users\shukl\.m2\repository\org\freemarker\freemarker\2.3.32\freemarker-2.3.32.jar;C:\Users\shukl\.m2\repository\org\projectlombok\lombok\1.18.26\lombok-1.18.26.jar;C:\Users\shukl\.m2\repository\com\github\javafaker\javafaker\1.0.2\javafaker-1.0.2.jar;C:\Users\shukl\.m2\repository\org\yaml\snakeyaml\1.23\snakeyaml-1.23-android.jar;C:\Users\shukl\.m2\repository\com\github\mifmif\generex\1.0.2\generex-1.0.2.jar;C:\Users\shukl\.m2\repository\dk\brics\automaton\automaton\1.11-8\automaton-1.11-8.jar;"/>
    <property name="sun.cpu.endian" value="little"/>
    <property name="user.home" value="C:\Users\shukl"/>
    <property name="user.language" value="en"/>
    <property name="java.specification.vendor" value="Oracle Corporation"/>
    <property name="java.version.date" value="2025-01-21"/>
    <property name="java.home" value="C:\Program Files\Java\jdk-23"/>
    <property name="file.separator" value="\"/>
    <property name="basedir" value="C:\Users\shukl\Desktop\SeleniumAutomationProject"/>
    <property name="java.vm.compressedOopsMode" value="Zero based"/>
    <property name="line.separator" value="&#10;"/>
    <property name="java.vm.specification.vendor" value="Oracle Corporation"/>
    <property name="java.specification.name" value="Java Platform API Specification"/>
    <property name="isLambdaTest" value="true"/>
    <property name="surefire.real.class.path" value="C:\Users\shukl\AppData\Local\Temp\surefire14711537932581353324\surefirebooter-20250617233935049_3.jar"/>
    <property name="user.script" value=""/>
    <property name="sun.management.compiler" value="HotSpot 64-Bit Tiered Compilers"/>
    <property name="java.runtime.version" value="23.0.2+7-58"/>
    <property name="user.name" value="shukl"/>
    <property name="stdout.encoding" value="Cp1252"/>
    <property name="path.separator" value=";"/>
    <property name="otel.metrics.exporter" value="none"/>
    <property name="os.version" value="10.0"/>
    <property name="java.runtime.name" value="Java(TM) SE Runtime Environment"/>
    <property name="otel.traces.exporter" value="none"/>
    <property name="file.encoding" value="UTF-8"/>
    <property name="browser" value="edge"/>
    <property name="java.vm.name" value="Java HotSpot(TM) 64-Bit Server VM"/>
    <property name="localRepository" value="C:\Users\shukl\.m2\repository"/>
    <property name="java.vendor.url.bug" value="https://bugreport.java.com/bugreport/"/>
    <property name="otel.logs.exporter" value="none"/>
    <property name="java.io.tmpdir" value="C:\Users\shukl\AppData\Local\Temp\"/>
    <property name="java.version" value="23.0.2"/>
    <property name="user.dir" value="C:\Users\shukl\Desktop\SeleniumAutomationProject"/>
    <property name="os.arch" value="amd64"/>
    <property name="java.vm.specification.name" value="Java Virtual Machine Specification"/>
    <property name="sun.os.patch.level" value=""/>
    <property name="native.encoding" value="Cp1252"/>
    <property name="java.library.path" value="C:\Program Files\Java\jdk-23\bin;C:\WINDOWS\Sun\Java\bin;C:\WINDOWS\system32;C:\WINDOWS;C:\Program Files\Git\mingw64\bin;C:\Program Files\Git\usr\bin;C:\Users\shukl\bin;C:\Program Files\Common Files\Oracle\Java\javapath;C:\Python311\Scripts;C:\Python311;C:\app\shukl\product\21c\dbhomeXE\bin;C:\WINDOWS\system32;C:\WINDOWS;C:\WINDOWS\System32\Wbem;C:\WINDOWS\System32\WindowsPowerShell\v1.0;C:\WINDOWS\System32\OpenSSH;C:\MinGW\bin;C:\Program Files\Git\cmd;C:\Program Files\dotnet;C:\ProgramData\chocolatey\bin;C:\Program Files\apache-maven-3.9.5\bin;C:\Program Files\Java\jdk-23\bin;C:\Program Files\nodejs;C:\Program Files\Maven\apache-maven-3.9.9\bin;C:\Program Files\Cloudflare\Cloudflare WARP;C:\Users\shukl\AppData\Local\Programs\Python\Python310\Scripts;C:\Users\shukl\AppData\Local\Programs\Python\Python310;C:\Users\shukl\AppData\Local\Microsoft\WindowsApps;C:\Users\shukl\AppData\Local\Programs\Microsoft VS Code\bin;C:\Program Files\JetBrains\PyCharm 2022.3.3\bin;C:\Users\shukl\AppData\Local\Programs\Hyper\resources\bin;C:\Program Files\MongoDB\Server\6.0\bin;C:\Users\shukl\AppData\Local\GitHubDesktop\bin;C:\Program Files\JetBrains\IntelliJ IDEA Community Edition 2024.2.1\bin;C:\Users\shukl\AppData\Roaming\npm;."/>
    <property name="java.vm.info" value="mixed mode, sharing"/>
    <property name="stderr.encoding" value="Cp1252"/>
    <property name="java.vendor" value="Oracle Corporation"/>
    <property name="java.vm.version" value="23.0.2+7-58"/>
    <property name="sun.io.unicode.encoding" value="UnicodeLittle"/>
    <property name="java.class.version" value="67.0"/>
  </properties>
  <testcase name="loginExcelTest[User{emailAddress=&apos;javafo8487@noroasis.com&apos;, password=&apos;password&apos;}](1)" classname="com.ui.tests.LoginTest" time="3.685">
    <system-out><![CDATA[2025-06-17 23:39:37 [main] INFO com.ui.listeners.TestListeners::onStart::62 Test Suite Started 
C:\Users\shukl\Desktop\SeleniumAutomationProject//testData//loginData.csv
User{emailAddress='javafo8487@noroasis.com', password='password'}
2025-06-17 23:40:03 [TestNG-test-UI Automation Test-2] INFO com.ui.pages.HomePage::goToWebsite::125 Visiting the Website http://www.automationpractice.pl/index.php? 
2025-06-17 23:40:06 [TestNG-test-UI Automation Test-1] INFO com.ui.pages.HomePage::goToWebsite::125 Visiting the Website http://www.automationpractice.pl/index.php? 
2025-06-17 23:40:08 [TestNG-test-UI Automation Test-2] INFO com.ui.listeners.TestListeners::onTestStart::27 loginExcelTest 
2025-06-17 23:40:08 [TestNG-test-UI Automation Test-2] INFO com.ui.listeners.TestListeners::onTestStart::28 Verifies if the valid user is able to log into the application 
2025-06-17 23:40:08 [TestNG-test-UI Automation Test-2] INFO com.ui.listeners.TestListeners::onTestStart::29 [e2e, sanity] 
2025-06-17 23:40:08 [TestNG-test-UI Automation Test-2] INFO com.ui.pages.HomePage::goToLoginPage::28 Trying to perform click to go to sign In page 
2025-06-17 23:40:08 [TestNG-test-UI Automation Test-2] INFO com.ui.pages.HomePage::clickOn::135 Element found with locatorBy.xpath: //a[contains(text(),'Sign in')] 
2025-06-17 23:40:09 [TestNG-test-UI Automation Test-2] INFO com.ui.pages.HomePage::clickOn::137 Element found and now performing click By.xpath: //a[contains(text(),'Sign in')] 
2025-06-17 23:40:10 [TestNG-test-UI Automation Test-7] INFO com.ui.pages.HomePage::goToWebsite::125 Visiting the Website http://www.automationpractice.pl/index.php? 
2025-06-17 23:40:11 [TestNG-test-UI Automation Test-2] INFO com.ui.pages.LoginPage::enterText::162 Element found with locatorBy.id: email 
2025-06-17 23:40:11 [TestNG-test-UI Automation Test-2] INFO com.ui.pages.LoginPage::enterText::165 Element found and now Entering text javafo8487@noroasis.com 
2025-06-17 23:40:11 [TestNG-test-UI Automation Test-1] INFO com.ui.listeners.TestListeners::onTestStart::27 loginCSVTest 
2025-06-17 23:40:11 [TestNG-test-UI Automation Test-1] INFO com.ui.listeners.TestListeners::onTestStart::28 Verifies if the valid user is able to log into the application 
2025-06-17 23:40:11 [TestNG-test-UI Automation Test-1] INFO com.ui.listeners.TestListeners::onTestStart::29 [e2e, sanity] 
2025-06-17 23:40:11 [TestNG-test-UI Automation Test-1] INFO com.ui.pages.HomePage::goToLoginPage::28 Trying to perform click to go to sign In page 
2025-06-17 23:40:11 [TestNG-test-UI Automation Test-1] INFO com.ui.pages.HomePage::clickOn::135 Element found with locatorBy.xpath: //a[contains(text(),'Sign in')] 
2025-06-17 23:40:12 [TestNG-test-UI Automation Test-2] INFO com.ui.pages.LoginPage::enterText::162 Element found with locatorBy.id: passwd 
2025-06-17 23:40:12 [TestNG-test-UI Automation Test-2] INFO com.ui.pages.LoginPage::enterText::165 Element found and now Entering text password 
2025-06-17 23:40:12 [TestNG-test-UI Automation Test-1] INFO com.ui.pages.HomePage::clickOn::137 Element found and now performing click By.xpath: //a[contains(text(),'Sign in')] 
2025-06-17 23:40:12 [TestNG-test-UI Automation Test-2] INFO com.ui.pages.LoginPage::clickOn::135 Element found with locatorBy.id: SubmitLogin 
2025-06-17 23:40:13 [TestNG-test-UI Automation Test-2] INFO com.ui.pages.LoginPage::clickOn::137 Element found and now performing click By.id: SubmitLogin 
2025-06-17 23:40:14 [TestNG-test-UI Automation Test-1] INFO com.ui.pages.LoginPage::enterText::162 Element found with locatorBy.id: email 
2025-06-17 23:40:14 [TestNG-test-UI Automation Test-7] INFO com.ui.pages.HomePage::goToLoginPage::28 Trying to perform click to go to sign In page 
2025-06-17 23:40:14 [TestNG-test-UI Automation Test-7] INFO com.ui.pages.HomePage::clickOn::135 Element found with locatorBy.xpath: //a[contains(text(),'Sign in')] 
2025-06-17 23:40:14 [TestNG-test-UI Automation Test-1] INFO com.ui.pages.LoginPage::enterText::165 Element found and now Entering text javafo8487@noroasis.com 
2025-06-17 23:40:14 [TestNG-test-UI Automation Test-2] INFO com.ui.pages.MyAccountPage::getVisibleText::180 Element found with locatorBy.xpath: //a[@title= 'View my customer account']/span 
2025-06-17 23:40:14 [TestNG-test-UI Automation Test-1] INFO com.ui.pages.LoginPage::enterText::162 Element found with locatorBy.id: passwd 
2025-06-17 23:40:15 [TestNG-test-UI Automation Test-7] INFO com.ui.pages.HomePage::clickOn::137 Element found and now performing click By.xpath: //a[contains(text(),'Sign in')] 
2025-06-17 23:40:15 [TestNG-test-UI Automation Test-2] INFO com.ui.pages.MyAccountPage::getVisibleText::183 Element found and now returning the visible text Kanishk Shukla 
2025-06-17 23:40:15 [TestNG-test-UI Automation Test-1] INFO com.ui.pages.LoginPage::enterText::165 Element found and now Entering text password 
]]></system-out>
    <system-err><![CDATA[SLF4J(W): No SLF4J providers were found.
SLF4J(W): Defaulting to no-operation (NOP) logger implementation
SLF4J(W): See https://www.slf4j.org/codes.html#noProviders for further details.
Jun 17, 2025 11:39:38 PM org.openqa.selenium.remote.tracing.opentelemetry.OpenTelemetryTracer createTracer
INFO: Using OpenTelemetry for tracing
]]></system-err>
  </testcase>
  <testcase name="loginCSVTest[User{emailAddress=&apos;javafo8487@noroasis.com&apos;, password=&apos;password&apos;}](1)" classname="com.ui.tests.LoginTest" time="6.605">
    <system-out><![CDATA[2025-06-17 23:40:15 [TestNG-test-UI Automation Test-2] INFO com.ui.listeners.TestListeners::onTestSuccess::36 loginExcelTest PASSED 
2025-06-17 23:40:15 [TestNG-test-UI Automation Test-1] INFO com.ui.pages.LoginPage::clickOn::135 Element found with locatorBy.id: SubmitLogin 
2025-06-17 23:40:16 [TestNG-test-UI Automation Test-1] INFO com.ui.pages.LoginPage::clickOn::137 Element found and now performing click By.id: SubmitLogin 
2025-06-17 23:40:16 [TestNG-test-UI Automation Test-7] INFO com.ui.pages.LoginPage::enterText::162 Element found with locatorBy.id: email 
2025-06-17 23:40:17 [TestNG-test-UI Automation Test-7] INFO com.ui.pages.LoginPage::enterText::165 Element found and now Entering text javafo8487@noroasis.com 
2025-06-17 23:40:17 [TestNG-test-UI Automation Test-7] INFO com.ui.pages.LoginPage::enterText::162 Element found with locatorBy.id: passwd 
2025-06-17 23:40:17 [TestNG-test-UI Automation Test-1] INFO com.ui.pages.MyAccountPage::getVisibleText::180 Element found with locatorBy.xpath: //a[@title= 'View my customer account']/span 
2025-06-17 23:40:17 [TestNG-test-UI Automation Test-7] INFO com.ui.pages.LoginPage::enterText::165 Element found and now Entering text password 
2025-06-17 23:40:17 [TestNG-test-UI Automation Test-7] INFO com.ui.pages.LoginPage::clickOn::135 Element found with locatorBy.id: SubmitLogin 
2025-06-17 23:40:18 [TestNG-test-UI Automation Test-1] INFO com.ui.pages.MyAccountPage::getVisibleText::183 Element found and now returning the visible text Kanishk Shukla 
]]></system-out>
  </testcase>
  <testcase name="loginTest[User{emailAddress=&apos;javafo8487@noroasis.com&apos;, password=&apos;password&apos;}](1)" classname="com.ui.tests.LoginTest" time="6.552">
    <system-out><![CDATA[2025-06-17 23:40:53 [TestNG-test-UI Automation Test-4] INFO com.ui.listeners.TestListeners::onTestSuccess::36 invalidLoginTest PASSED 
2025-06-17 23:40:59 [TestNG-test-UI Automation Test-3] INFO com.ui.pages.HomePage::goToWebsite::125 Visiting the Website http://www.automationpractice.pl/index.php? 
2025-06-17 23:41:03 [TestNG-test-UI Automation Test-3] INFO com.ui.listeners.TestListeners::onTestStart::27 loginTest 
2025-06-17 23:41:03 [TestNG-test-UI Automation Test-3] INFO com.ui.listeners.TestListeners::onTestStart::28 Verifies if the valid user is able to log into the application 
2025-06-17 23:41:03 [TestNG-test-UI Automation Test-3] INFO com.ui.listeners.TestListeners::onTestStart::29 [e2e, sanity] 
2025-06-17 23:41:03 [TestNG-test-UI Automation Test-3] INFO com.ui.pages.HomePage::goToLoginPage::28 Trying to perform click to go to sign In page 
2025-06-17 23:41:03 [TestNG-test-UI Automation Test-3] INFO com.ui.pages.HomePage::clickOn::135 Element found with locatorBy.xpath: //a[contains(text(),'Sign in')] 
2025-06-17 23:41:04 [TestNG-test-UI Automation Test-3] INFO com.ui.pages.HomePage::clickOn::137 Element found and now performing click By.xpath: //a[contains(text(),'Sign in')] 
2025-06-17 23:41:05 [TestNG-test-UI Automation Test-3] INFO com.ui.pages.LoginPage::enterText::162 Element found with locatorBy.id: email 
2025-06-17 23:41:06 [TestNG-test-UI Automation Test-3] INFO com.ui.pages.LoginPage::enterText::165 Element found and now Entering text javafo8487@noroasis.com 
2025-06-17 23:41:06 [TestNG-test-UI Automation Test-3] INFO com.ui.pages.LoginPage::enterText::162 Element found with locatorBy.id: passwd 
2025-06-17 23:41:07 [TestNG-test-UI Automation Test-3] INFO com.ui.pages.LoginPage::enterText::165 Element found and now Entering text password 
2025-06-17 23:41:07 [TestNG-test-UI Automation Test-3] INFO com.ui.pages.LoginPage::clickOn::135 Element found with locatorBy.id: SubmitLogin 
2025-06-17 23:41:08 [TestNG-test-UI Automation Test-3] INFO com.ui.pages.LoginPage::clickOn::137 Element found and now performing click By.id: SubmitLogin 
2025-06-17 23:41:09 [TestNG-test-UI Automation Test-6] INFO com.ui.pages.HomePage::goToWebsite::125 Visiting the Website http://www.automationpractice.pl/index.php? 
2025-06-17 23:41:09 [TestNG-test-UI Automation Test-3] INFO com.ui.pages.MyAccountPage::getVisibleText::180 Element found with locatorBy.xpath: //a[@title= 'View my customer account']/span 
2025-06-17 23:41:10 [TestNG-test-UI Automation Test-3] INFO com.ui.pages.MyAccountPage::getVisibleText::183 Element found and now returning the visible text Kanishk Shukla 
]]></system-out>
  </testcase>
  <testcase name="checkoutTest" classname="com.ui.tests.ProductCheckoutTest" time="20.681">
    <system-out><![CDATA[2025-06-17 23:40:18 [TestNG-test-UI Automation Test-1] INFO com.ui.listeners.TestListeners::onTestSuccess::36 loginCSVTest PASSED 
2025-06-17 23:40:18 [TestNG-test-UI Automation Test-7] INFO com.ui.pages.LoginPage::clickOn::137 Element found and now performing click By.id: SubmitLogin 
2025-06-17 23:40:19 [TestNG-test-UI Automation Test-7] INFO com.ui.pages.MyAccountPage::enterText::162 Element found with locatorBy.id: search_query_top 
2025-06-17 23:40:20 [TestNG-test-UI Automation Test-7] INFO com.ui.pages.MyAccountPage::enterText::165 Element found and now Entering text Printed Summer Dress 
2025-06-17 23:40:20 [TestNG-test-UI Automation Test-7] INFO com.ui.pages.MyAccountPage::enterSpecialKey::170 Element found with locatorBy.id: search_query_top 
2025-06-17 23:40:20 [TestNG-test-UI Automation Test-7] INFO com.ui.pages.MyAccountPage::enterSpecialKey::173 Element found and now Enter the special key  
2025-06-17 23:40:21 [TestNG-test-UI Automation Test-7] INFO com.ui.listeners.TestListeners::onTestStart::27 checkoutTest 
2025-06-17 23:40:21 [TestNG-test-UI Automation Test-7] INFO com.ui.listeners.TestListeners::onTestStart::28 Verify if the logged in User is able to buy a dress 
2025-06-17 23:40:21 [TestNG-test-UI Automation Test-7] INFO com.ui.listeners.TestListeners::onTestStart::29 [smoke, e2e, sanity] 
2025-06-17 23:40:21 [TestNG-test-UI Automation Test-7] INFO com.ui.pages.SearchResultPage::getAllElements::204 Element found with locatorBy.xpath: //h5[@itemprop = 'name']/a 
2025-06-17 23:40:22 [TestNG-test-UI Automation Test-7] INFO com.ui.pages.SearchResultPage::getAllElements::206 Elements found and now returning the List of Elements 
2025-06-17 23:40:22 [TestNG-test-UI Automation Test-7] INFO com.ui.pages.SearchResultPage::clickOn::149 Element found and now performing click 
2025-06-17 23:40:23 [TestNG-test-UI Automation Test-7] INFO com.ui.pages.ProductDetailPage::selectFromDropDown::211 Element found with locatorBy.id: group_1 
2025-06-17 23:40:24 [TestNG-test-UI Automation Test-7] INFO com.ui.pages.ProductDetailPage::selectFromDropDown::214 Selecting the optionL 
2025-06-17 23:40:25 [TestNG-test-UI Automation Test-7] INFO com.ui.pages.ProductDetailPage::clickOn::135 Element found with locatorBy.name: Submit 
2025-06-17 23:40:25 [TestNG-test-UI Automation Test-7] INFO com.ui.pages.ProductDetailPage::clickOn::137 Element found and now performing click By.name: Submit 
2025-06-17 23:40:26 [TestNG-test-UI Automation Test-7] INFO com.ui.pages.ProductDetailPage::clickOn::135 Element found with locatorBy.xpath: //a[@title = 'Proceed to checkout'] 
2025-06-17 23:40:26 [TestNG-test-UI Automation Test-7] INFO com.ui.pages.ProductDetailPage::clickOn::137 Element found and now performing click By.xpath: //a[@title = 'Proceed to checkout'] 
2025-06-17 23:40:27 [TestNG-test-UI Automation Test-7] INFO com.ui.pages.ShoppingCartPage::clickOn::135 Element found with locatorBy.xpath: //p[contains(@class,'cart_navigation clearfix')]/a[@title='Proceed to checkout'] 
2025-06-17 23:40:28 [TestNG-test-UI Automation Test-7] INFO com.ui.pages.ShoppingCartPage::clickOn::137 Element found and now performing click By.xpath: //p[contains(@class,'cart_navigation clearfix')]/a[@title='Proceed to checkout'] 
2025-06-17 23:40:29 [TestNG-test-UI Automation Test-7] INFO com.ui.pages.ConfirmAddressPage::clickOn::135 Element found with locatorBy.name: processAddress 
2025-06-17 23:40:30 [TestNG-test-UI Automation Test-7] INFO com.ui.pages.ConfirmAddressPage::clickOn::137 Element found and now performing click By.name: processAddress 
2025-06-17 23:40:31 [TestNG-test-UI Automation Test-7] INFO com.ui.pages.ShippmentPage::clickOnCheckBox::142 Element found with locatorBy.id: uniform-cgv 
2025-06-17 23:40:31 [TestNG-test-UI Automation Test-7] INFO com.ui.pages.ShippmentPage::clickOnCheckBox::144 Element found and now performing click By.id: uniform-cgv 
2025-06-17 23:40:31 [TestNG-test-UI Automation Test-7] INFO com.ui.pages.ShippmentPage::clickOn::135 Element found with locatorBy.name: processCarrier 
2025-06-17 23:40:32 [TestNG-test-UI Automation Test-7] INFO com.ui.pages.ShippmentPage::clickOn::137 Element found and now performing click By.name: processCarrier 
2025-06-17 23:40:33 [TestNG-test-UI Automation Test-7] INFO com.ui.pages.PaymentPage::clickOn::135 Element found with locatorBy.xpath: //a[@title='Pay by bank wire'] 
2025-06-17 23:40:33 [TestNG-test-UI Automation Test-7] INFO com.ui.pages.PaymentPage::clickOn::137 Element found and now performing click By.xpath: //a[@title='Pay by bank wire'] 
2025-06-17 23:40:34 [TestNG-test-UI Automation Test-5] INFO com.ui.pages.HomePage::goToWebsite::125 Visiting the Website http://www.automationpractice.pl/index.php? 
2025-06-17 23:40:34 [TestNG-test-UI Automation Test-7] INFO com.ui.pages.PaymentPage::clickOn::135 Element found with locatorBy.xpath: //p[contains(@class,'cart_navigation')]//button 
2025-06-17 23:40:35 [TestNG-test-UI Automation Test-7] INFO com.ui.pages.PaymentPage::clickOn::137 Element found and now performing click By.xpath: //p[contains(@class,'cart_navigation')]//button 
2025-06-17 23:40:38 [TestNG-test-UI Automation Test-5] INFO com.ui.pages.HomePage::goToLoginPage::28 Trying to perform click to go to sign In page 
2025-06-17 23:40:38 [TestNG-test-UI Automation Test-5] INFO com.ui.pages.HomePage::clickOn::135 Element found with locatorBy.xpath: //a[contains(text(),'Sign in')] 
2025-06-17 23:40:39 [TestNG-test-UI Automation Test-5] INFO com.ui.pages.HomePage::clickOn::137 Element found and now performing click By.xpath: //a[contains(text(),'Sign in')] 
2025-06-17 23:40:40 [TestNG-test-UI Automation Test-5] INFO com.ui.pages.LoginPage::enterText::162 Element found with locatorBy.id: email 
2025-06-17 23:40:41 [TestNG-test-UI Automation Test-7] INFO com.ui.pages.PaymentPage::getVisibleText::180 Element found with locatorBy.xpath: //p[contains(@class,'alert alert-success')] 
2025-06-17 23:40:41 [TestNG-test-UI Automation Test-5] INFO com.ui.pages.LoginPage::enterText::165 Element found and now Entering text javafo8487@noroasis.com 
2025-06-17 23:40:42 [TestNG-test-UI Automation Test-5] INFO com.ui.pages.LoginPage::enterText::162 Element found with locatorBy.id: passwd 
2025-06-17 23:40:42 [TestNG-test-UI Automation Test-7] INFO com.ui.pages.PaymentPage::getVisibleText::183 Element found and now returning the visible text Your order on My Shop is complete. 
]]></system-out>
  </testcase>
  <testcase name="addNewAddress" classname="com.ui.tests.AddNewFirstAddressTest" time="3.974">
    <failure message="Expected condition failed: waiting for element to be clickable: By.xpath: //a[@title = &apos;Add my first address&apos;] (tried for 5 second(s) with 500 milliseconds interval)&#10;Build info: version: &apos;4.31.0&apos;, revision: &apos;1ef9f18787*&apos;&#10;System info: os.name: &apos;Windows 10&apos;, os.arch: &apos;amd64&apos;, os.version: &apos;10.0&apos;, java.version: &apos;23.0.2&apos;&#10;Driver info: org.openqa.selenium.remote.RemoteWebDriver&#10;Capabilities {acceptInsecureCerts: false, browserName: MicrosoftEdge, browserVersion: 127.0.2651.74, fedcm:accounts: true, ms:edgeOptions: {debuggerAddress: localhost:54491}, msedge: {msedgedriverVersion: 127.0.2651.74 (dbf5b0aa014c..., userDataDir: C:\Program Files (x86)\scop...}, networkConnectionEnabled: false, pageLoadStrategy: normal, platformName: Windows XP, proxy: Proxy(), se:bidiEnabled: false, se:cdp: wss://cdp-mumbai.lambdatest..., se:cdpVersion: 127.0.2651.74, setWindowRect: true, strictFileInteractability: false, timeouts: {implicit: 0, pageLoad: 300000, script: 30000}, unhandledPromptBehavior: dismiss and notify, webauthn:extension:credBlob: true, webauthn:extension:largeBlob: true, webauthn:extension:minPinLength: true, webauthn:extension:prf: true, webauthn:virtualAuthenticators: true}&#10;Session ID: 739b39e421032f8982ab83e94850da7a" type="org.openqa.selenium.TimeoutException"><![CDATA[org.openqa.selenium.TimeoutException: 
Expected condition failed: waiting for element to be clickable: By.xpath: //a[@title = 'Add my first address'] (tried for 5 second(s) with 500 milliseconds interval)
Build info: version: '4.31.0', revision: '1ef9f18787*'
System info: os.name: 'Windows 10', os.arch: 'amd64', os.version: '10.0', java.version: '23.0.2'
Driver info: org.openqa.selenium.remote.RemoteWebDriver
Capabilities {acceptInsecureCerts: false, browserName: MicrosoftEdge, browserVersion: 127.0.2651.74, fedcm:accounts: true, ms:edgeOptions: {debuggerAddress: localhost:54491}, msedge: {msedgedriverVersion: 127.0.2651.74 (dbf5b0aa014c..., userDataDir: C:\Program Files (x86)\scop...}, networkConnectionEnabled: false, pageLoadStrategy: normal, platformName: Windows XP, proxy: Proxy(), se:bidiEnabled: false, se:cdp: wss://cdp-mumbai.lambdatest..., se:cdpVersion: 127.0.2651.74, setWindowRect: true, strictFileInteractability: false, timeouts: {implicit: 0, pageLoad: 300000, script: 30000}, unhandledPromptBehavior: dismiss and notify, webauthn:extension:credBlob: true, webauthn:extension:largeBlob: true, webauthn:extension:minPinLength: true, webauthn:extension:prf: true, webauthn:virtualAuthenticators: true}
Session ID: 739b39e421032f8982ab83e94850da7a
	at org.openqa.selenium.support.ui.WebDriverWait.timeoutException(WebDriverWait.java:84)
	at org.openqa.selenium.support.ui.FluentWait.until(FluentWait.java:228)
	at com.utility.BrowserUtility.clickOn(BrowserUtility.java:136)
	at com.ui.pages.MyAccountPage.goToAddAddressPage(MyAccountPage.java:30)
	at com.ui.tests.AddNewFirstAddressTest.addNewAddress(AddNewFirstAddressTest.java:25)
	at java.base/jdk.internal.reflect.DirectMethodHandleAccessor.invoke(DirectMethodHandleAccessor.java:103)
	at java.base/java.lang.reflect.Method.invoke(Method.java:580)
	at org.testng.internal.invokers.MethodInvocationHelper.invokeMethod(MethodInvocationHelper.java:141)
	at org.testng.internal.invokers.TestInvoker.invokeMethod(TestInvoker.java:687)
	at org.testng.internal.invokers.TestInvoker.invokeTestMethod(TestInvoker.java:230)
	at org.testng.internal.invokers.MethodRunner.runInSequence(MethodRunner.java:63)
	at org.testng.internal.invokers.TestInvoker$MethodInvocationAgent.invoke(TestInvoker.java:995)
	at org.testng.internal.invokers.TestInvoker.invokeTestMethods(TestInvoker.java:203)
	at org.testng.internal.invokers.TestMethodWorker.invokeTestMethods(TestMethodWorker.java:154)
	at org.testng.internal.invokers.TestMethodWorker.run(TestMethodWorker.java:134)
	at java.base/java.util.concurrent.Executors$RunnableAdapter.call(Executors.java:572)
	at java.base/java.util.concurrent.FutureTask.run(FutureTask.java:317)
	at org.testng.internal.thread.graph.TestNGFutureTask.run(TestNGFutureTask.java:22)
	at java.base/java.util.concurrent.ThreadPoolExecutor.runWorker(ThreadPoolExecutor.java:1144)
	at java.base/java.util.concurrent.ThreadPoolExecutor$Worker.run(ThreadPoolExecutor.java:642)
	at java.base/java.lang.Thread.run(Thread.java:1575)
]]></failure>
    <system-out><![CDATA[2025-06-17 23:40:42 [TestNG-test-UI Automation Test-7] INFO com.ui.listeners.TestListeners::onTestSuccess::36 checkoutTest PASSED 
2025-06-17 23:40:42 [TestNG-test-UI Automation Test-5] INFO com.ui.pages.LoginPage::enterText::165 Element found and now Entering text password 
2025-06-17 23:40:43 [TestNG-test-UI Automation Test-5] INFO com.ui.pages.LoginPage::clickOn::135 Element found with locatorBy.id: SubmitLogin 
2025-06-17 23:40:43 [TestNG-test-UI Automation Test-4] INFO com.ui.pages.HomePage::goToWebsite::125 Visiting the Website http://www.automationpractice.pl/index.php? 
2025-06-17 23:40:44 [TestNG-test-UI Automation Test-5] INFO com.ui.pages.LoginPage::clickOn::137 Element found and now performing click By.id: SubmitLogin 
2025-06-17 23:40:46 [TestNG-test-UI Automation Test-5] INFO com.ui.listeners.TestListeners::onTestStart::27 addNewAddress 
2025-06-17 23:40:46 [TestNG-test-UI Automation Test-5] INFO com.ui.listeners.TestListeners::onTestStart::28  
2025-06-17 23:40:46 [TestNG-test-UI Automation Test-5] INFO com.ui.listeners.TestListeners::onTestStart::29 [] 
2025-06-17 23:40:46 [TestNG-test-UI Automation Test-5] INFO com.ui.pages.MyAccountPage::clickOn::135 Element found with locatorBy.xpath: //a[@title = 'Add my first address'] 
2025-06-17 23:40:48 [TestNG-test-UI Automation Test-4] INFO com.ui.listeners.TestListeners::onTestStart::27 invalidLoginTest 
2025-06-17 23:40:48 [TestNG-test-UI Automation Test-4] INFO com.ui.listeners.TestListeners::onTestStart::28 Verifies if proper error messages is shown for user for invalid credentials 
2025-06-17 23:40:48 [TestNG-test-UI Automation Test-4] INFO com.ui.listeners.TestListeners::onTestStart::29 [e2e, sanity] 
2025-06-17 23:40:48 [TestNG-test-UI Automation Test-4] INFO com.ui.tests.InvalidCredsLoginTest::invalidLoginTest::19 Starting the Invalid Credential test  
2025-06-17 23:40:48 [TestNG-test-UI Automation Test-4] INFO com.ui.pages.HomePage::goToLoginPage::28 Trying to perform click to go to sign In page 
2025-06-17 23:40:48 [TestNG-test-UI Automation Test-4] INFO com.ui.pages.HomePage::clickOn::135 Element found with locatorBy.xpath: //a[contains(text(),'Sign in')] 
2025-06-17 23:40:48 [TestNG-test-UI Automation Test-4] INFO com.ui.pages.HomePage::clickOn::137 Element found and now performing click By.xpath: //a[contains(text(),'Sign in')] 
2025-06-17 23:40:50 [TestNG-test-UI Automation Test-4] INFO com.ui.pages.LoginPage::enterText::162 Element found with locatorBy.id: email 
2025-06-17 23:40:50 [TestNG-test-UI Automation Test-4] INFO com.ui.pages.LoginPage::enterText::165 Element found and now Entering text kwedefvfjbvqjn@gmail.com 
2025-06-17 23:40:51 [TestNG-test-UI Automation Test-4] INFO com.ui.pages.LoginPage::enterText::162 Element found with locatorBy.id: passwd 
2025-06-17 23:40:51 [TestNG-test-UI Automation Test-4] INFO com.ui.pages.LoginPage::enterText::165 Element found and now Entering text QWERTYUIO123 
2025-06-17 23:40:51 [TestNG-test-UI Automation Test-4] INFO com.ui.pages.LoginPage::clickOn::135 Element found with locatorBy.id: SubmitLogin 
]]></system-out>
  </testcase>
  <testcase name="invalidLoginTest" classname="com.ui.tests.InvalidCredsLoginTest" time="5.792">
    <system-out><![CDATA[2025-06-17 23:40:52 [TestNG-test-UI Automation Test-5] ERROR com.ui.listeners.TestListeners::onTestFailure::41 addNewAddress FAILED 
2025-06-17 23:40:52 [TestNG-test-UI Automation Test-5] ERROR com.ui.listeners.TestListeners::onTestFailure::42 Expected condition failed: waiting for element to be clickable: By.xpath: //a[@title = 'Add my first address'] (tried for 5 second(s) with 500 milliseconds interval)
Build info: version: '4.31.0', revision: '1ef9f18787*'
System info: os.name: 'Windows 10', os.arch: 'amd64', os.version: '10.0', java.version: '23.0.2'
Driver info: org.openqa.selenium.remote.RemoteWebDriver
Capabilities {acceptInsecureCerts: false, browserName: MicrosoftEdge, browserVersion: 127.0.2651.74, fedcm:accounts: true, ms:edgeOptions: {debuggerAddress: localhost:54491}, msedge: {msedgedriverVersion: 127.0.2651.74 (dbf5b0aa014c..., userDataDir: C:\Program Files (x86)\scop...}, networkConnectionEnabled: false, pageLoadStrategy: normal, platformName: Windows XP, proxy: Proxy(), se:bidiEnabled: false, se:cdp: wss://cdp-mumbai.lambdatest..., se:cdpVersion: 127.0.2651.74, setWindowRect: true, strictFileInteractability: false, timeouts: {implicit: 0, pageLoad: 300000, script: 30000}, unhandledPromptBehavior: dismiss and notify, webauthn:extension:credBlob: true, webauthn:extension:largeBlob: true, webauthn:extension:minPinLength: true, webauthn:extension:prf: true, webauthn:virtualAuthenticators: true}
Session ID: 739b39e421032f8982ab83e94850da7a 
2025-06-17 23:40:52 [TestNG-test-UI Automation Test-5] INFO com.ui.listeners.TestListeners::onTestFailure::50 Capturing Screenshot of the failed test 
2025-06-17 23:40:52 [TestNG-test-UI Automation Test-4] INFO com.ui.pages.LoginPage::clickOn::137 Element found and now performing click By.id: SubmitLogin 
2025-06-17 23:40:53 [TestNG-test-UI Automation Test-5] INFO com.ui.listeners.TestListeners::onTestFailure::52 Attaching Screenshot of the failed test to the HTML file 
2025-06-17 23:40:53 [TestNG-test-UI Automation Test-4] INFO com.ui.pages.LoginPage::getVisibleText::180 Element found with locatorBy.xpath: //div[contains(@class,'alert-danger')]/ol/li 
2025-06-17 23:40:53 [TestNG-test-UI Automation Test-4] INFO com.ui.pages.LoginPage::getVisibleText::183 Element found and now returning the visible text Authentication failed. 
]]></system-out>
  </testcase>
  <testcase name="verifyProductSearchTest" classname="com.ui.tests.SearchProductTest" time="3.378">
    <system-out><![CDATA[2025-06-17 23:41:10 [TestNG-test-UI Automation Test-3] INFO com.ui.listeners.TestListeners::onTestSuccess::36 loginTest PASSED 
2025-06-17 23:41:13 [TestNG-test-UI Automation Test-6] INFO com.ui.pages.HomePage::goToLoginPage::28 Trying to perform click to go to sign In page 
2025-06-17 23:41:13 [TestNG-test-UI Automation Test-6] INFO com.ui.pages.HomePage::clickOn::135 Element found with locatorBy.xpath: //a[contains(text(),'Sign in')] 
2025-06-17 23:41:14 [TestNG-test-UI Automation Test-6] INFO com.ui.pages.HomePage::clickOn::137 Element found and now performing click By.xpath: //a[contains(text(),'Sign in')] 
2025-06-17 23:41:15 [TestNG-test-UI Automation Test-6] INFO com.ui.pages.LoginPage::enterText::162 Element found with locatorBy.id: email 
2025-06-17 23:41:16 [TestNG-test-UI Automation Test-6] INFO com.ui.pages.LoginPage::enterText::165 Element found and now Entering text javafo8487@noroasis.com 
2025-06-17 23:41:16 [TestNG-test-UI Automation Test-6] INFO com.ui.pages.LoginPage::enterText::162 Element found with locatorBy.id: passwd 
2025-06-17 23:41:17 [TestNG-test-UI Automation Test-6] INFO com.ui.pages.LoginPage::enterText::165 Element found and now Entering text password 
2025-06-17 23:41:17 [TestNG-test-UI Automation Test-6] INFO com.ui.pages.LoginPage::clickOn::135 Element found with locatorBy.id: SubmitLogin 
2025-06-17 23:41:17 [TestNG-test-UI Automation Test-6] INFO com.ui.pages.LoginPage::clickOn::137 Element found and now performing click By.id: SubmitLogin 
2025-06-17 23:41:19 [TestNG-test-UI Automation Test-6] INFO com.ui.listeners.TestListeners::onTestStart::27 verifyProductSearchTest 
2025-06-17 23:41:19 [TestNG-test-UI Automation Test-6] INFO com.ui.listeners.TestListeners::onTestStart::28 Verify if Logged in User is able to search for a product and correct product search results is displayed 
2025-06-17 23:41:19 [TestNG-test-UI Automation Test-6] INFO com.ui.listeners.TestListeners::onTestStart::29 [smoke, e2e, sanity] 
2025-06-17 23:41:19 [TestNG-test-UI Automation Test-6] INFO com.ui.pages.MyAccountPage::enterText::162 Element found with locatorBy.id: search_query_top 
2025-06-17 23:41:19 [TestNG-test-UI Automation Test-6] INFO com.ui.pages.MyAccountPage::enterText::165 Element found and now Entering text Printed Summer Dress 
2025-06-17 23:41:19 [TestNG-test-UI Automation Test-6] INFO com.ui.pages.MyAccountPage::enterSpecialKey::170 Element found with locatorBy.id: search_query_top 
2025-06-17 23:41:19 [TestNG-test-UI Automation Test-6] INFO com.ui.pages.MyAccountPage::enterSpecialKey::173 Element found and now Enter the special key  
2025-06-17 23:41:21 [TestNG-test-UI Automation Test-6] INFO com.ui.pages.SearchResultPage::getAllVisibleText::193 Element found with locatorBy.xpath: //h5[@itemprop = 'name']/a 
2025-06-17 23:41:21 [TestNG-test-UI Automation Test-6] INFO com.ui.pages.SearchResultPage::getAllVisibleText::195 Elements found and now printing the List of Elements 
2025-06-17 23:41:21 [TestNG-test-UI Automation Test-6] INFO com.ui.pages.SearchResultPage::getVisibleText::188 Returning the visible text Printed Summer Dress 
2025-06-17 23:41:21 [TestNG-test-UI Automation Test-6] INFO com.ui.pages.SearchResultPage::getVisibleText::188 Returning the visible text Printed Summer Dress 
2025-06-17 23:41:22 [TestNG-test-UI Automation Test-6] INFO com.ui.pages.SearchResultPage::getVisibleText::188 Returning the visible text Printed Chiffon Dress 
]]></system-out>
  </testcase>
</testsuite>